<?xml version="1.0" encoding="UTF-8"?>
<!-- Generated by org.testng.reporters.JUnitReportReporter -->
<testsuite hostname="DESKTOP-DS6ARM2" failures="0" tests="1" name="runner.ShoppingcartRunner" time="0.130" errors="0" timestamp="2024-02-13T00:40:19 IST" skipped="0">
  <testcase classname="runner.ShoppingcartRunner" name="runScenario" time="0.130"/>
</testsuite> <!-- runner.ShoppingcartRunner -->
