<?xml version="1.0" encoding="UTF-8"?>
<!-- Generated by org.testng.reporters.JUnitReportReporter -->
<testsuite hostname="DESKTOP-DS6ARM2" failures="0" tests="3" name="runner.testCase1Runner" time="9.644" errors="0" timestamp="2024-02-13T21:46:21 IST" skipped="0">
  <testcase classname="runner.testCase1Runner" name="runScenario" time="8.209"/>
  <testcase classname="runner.testCase1Runner" name="runScenario" time="0.909"/>
  <testcase classname="runner.testCase1Runner" name="runScenario" time="0.526"/>
</testsuite> <!-- runner.testCase1Runner -->
