<?xml version="1.0" encoding="UTF-8"?>
<!-- Generated by org.testng.reporters.JUnitReportReporter -->
<testsuite hostname="EC2AMAZ-S11DBRH" failures="0" tests="3" name="runner.testCase1Runner" time="5.280" errors="0" timestamp="2024-02-13T06:48:24 GMT" skipped="0">
  <testcase classname="runner.testCase1Runner" name="runScenario" time="0.020"/>
  <testcase classname="runner.testCase1Runner" name="runScenario" time="0.015"/>
  <testcase classname="runner.testCase1Runner" name="runScenario" time="5.245"/>
</testsuite> <!-- runner.testCase1Runner -->
