<?xml version="1.0" encoding="UTF-8"?>
<!-- Generated by org.testng.reporters.JUnitReportReporter -->
<testsuite hostname="EC2AMAZ-S11DBRH" failures="0" tests="3" name="runner.testCase1Runner" time="5.049" errors="0" timestamp="2024-02-13T06:33:43 GMT" skipped="0">
  <testcase classname="runner.testCase1Runner" name="runScenario" time="5.019"/>
  <testcase classname="runner.testCase1Runner" name="runScenario" time="0.011"/>
  <testcase classname="runner.testCase1Runner" name="runScenario" time="0.019"/>
</testsuite> <!-- runner.testCase1Runner -->
